Determining if the function sgemm_ exists failed with the following output:
Change Dir: /data/final_proj/build/CMakeFiles/CMakeTmp

Run Build Command(s):/usr/bin/make cmTC_fb88c/fast && /usr/bin/make -f CMakeFiles/cmTC_fb88c.dir/build.make CMakeFiles/cmTC_fb88c.dir/build
make[1]: Entering directory '/data/final_proj/build/CMakeFiles/CMakeTmp'
Building C object CMakeFiles/cmTC_fb88c.dir/CheckFunctionExists.c.o
/usr/bin/gcc   -DCHECK_FUNCTION_EXISTS=sgemm_   -o CMakeFiles/cmTC_fb88c.dir/CheckFunctionExists.c.o   -c /usr/share/cmake-3.16/Modules/CheckFunctionExists.c
Linking C executable cmTC_fb88c
/usr/bin/cmake -E cmake_link_script CMakeFiles/cmTC_fb88c.dir/link.txt --verbose=1
/usr/bin/gcc  -DCHECK_FUNCTION_EXISTS=sgemm_    CMakeFiles/cmTC_fb88c.dir/CheckFunctionExists.c.o  -o cmTC_fb88c 
/usr/bin/ld: CMakeFiles/cmTC_fb88c.dir/CheckFunctionExists.c.o: in function `main':
CheckFunctionExists.c:(.text+0x14): undefined reference to `sgemm_'
collect2: error: ld returned 1 exit status
make[1]: *** [CMakeFiles/cmTC_fb88c.dir/build.make:87: cmTC_fb88c] Error 1
make[1]: Leaving directory '/data/final_proj/build/CMakeFiles/CMakeTmp'
make: *** [Makefile:121: cmTC_fb88c/fast] Error 2



Performing C SOURCE FILE Test CMAKE_HAVE_LIBC_PTHREAD failed with the following output:
Change Dir: /data/final_proj/build/CMakeFiles/CMakeTmp

Run Build Command(s):/usr/bin/make cmTC_53c94/fast && /usr/bin/make -f CMakeFiles/cmTC_53c94.dir/build.make CMakeFiles/cmTC_53c94.dir/build
make[1]: Entering directory '/data/final_proj/build/CMakeFiles/CMakeTmp'
Building C object CMakeFiles/cmTC_53c94.dir/src.c.o
/usr/bin/gcc   -DCMAKE_HAVE_LIBC_PTHREAD   -o CMakeFiles/cmTC_53c94.dir/src.c.o   -c /data/final_proj/build/CMakeFiles/CMakeTmp/src.c
Linking C executable cmTC_53c94
/usr/bin/cmake -E cmake_link_script CMakeFiles/cmTC_53c94.dir/link.txt --verbose=1
/usr/bin/gcc  -DCMAKE_HAVE_LIBC_PTHREAD    CMakeFiles/cmTC_53c94.dir/src.c.o  -o cmTC_53c94 
/usr/bin/ld: CMakeFiles/cmTC_53c94.dir/src.c.o: in function `main':
src.c:(.text+0x46): undefined reference to `pthread_create'
/usr/bin/ld: src.c:(.text+0x52): undefined reference to `pthread_detach'
/usr/bin/ld: src.c:(.text+0x63): undefined reference to `pthread_join'
collect2: error: ld returned 1 exit status
make[1]: *** [CMakeFiles/cmTC_53c94.dir/build.make:87: cmTC_53c94] Error 1
make[1]: Leaving directory '/data/final_proj/build/CMakeFiles/CMakeTmp'
make: *** [Makefile:121: cmTC_53c94/fast] Error 2


Source file was:
#include <pthread.h>

void* test_func(void* data)
{
  return data;
}

int main(void)
{
  pthread_t thread;
  pthread_create(&thread, NULL, test_func, NULL);
  pthread_detach(thread);
  pthread_join(thread, NULL);
  pthread_atfork(NULL, NULL, NULL);
  pthread_exit(NULL);

  return 0;
}

Determining if the function pthread_create exists in the pthreads failed with the following output:
Change Dir: /data/final_proj/build/CMakeFiles/CMakeTmp

Run Build Command(s):/usr/bin/make cmTC_17681/fast && /usr/bin/make -f CMakeFiles/cmTC_17681.dir/build.make CMakeFiles/cmTC_17681.dir/build
make[1]: Entering directory '/data/final_proj/build/CMakeFiles/CMakeTmp'
Building C object CMakeFiles/cmTC_17681.dir/CheckFunctionExists.c.o
/usr/bin/gcc   -DCHECK_FUNCTION_EXISTS=pthread_create   -o CMakeFiles/cmTC_17681.dir/CheckFunctionExists.c.o   -c /usr/share/cmake-3.16/Modules/CheckFunctionExists.c
Linking C executable cmTC_17681
/usr/bin/cmake -E cmake_link_script CMakeFiles/cmTC_17681.dir/link.txt --verbose=1
/usr/bin/gcc  -DCHECK_FUNCTION_EXISTS=pthread_create    CMakeFiles/cmTC_17681.dir/CheckFunctionExists.c.o  -o cmTC_17681  -lpthreads 
/usr/bin/ld: cannot find -lpthreads
collect2: error: ld returned 1 exit status
make[1]: *** [CMakeFiles/cmTC_17681.dir/build.make:87: cmTC_17681] Error 1
make[1]: Leaving directory '/data/final_proj/build/CMakeFiles/CMakeTmp'
make: *** [Makefile:121: cmTC_17681/fast] Error 2



Determining if the function cheev_ exists failed with the following output:
Change Dir: /data/final_proj/build/CMakeFiles/CMakeTmp

Run Build Command(s):/usr/bin/make cmTC_5a63c/fast && /usr/bin/make -f CMakeFiles/cmTC_5a63c.dir/build.make CMakeFiles/cmTC_5a63c.dir/build
make[1]: Entering directory '/data/final_proj/build/CMakeFiles/CMakeTmp'
Building C object CMakeFiles/cmTC_5a63c.dir/CheckFunctionExists.c.o
/usr/bin/gcc   -DCHECK_FUNCTION_EXISTS=cheev_   -o CMakeFiles/cmTC_5a63c.dir/CheckFunctionExists.c.o   -c /usr/share/cmake-3.16/Modules/CheckFunctionExists.c
Linking C executable cmTC_5a63c
/usr/bin/cmake -E cmake_link_script CMakeFiles/cmTC_5a63c.dir/link.txt --verbose=1
/usr/bin/gcc  -DCHECK_FUNCTION_EXISTS=cheev_    CMakeFiles/cmTC_5a63c.dir/CheckFunctionExists.c.o  -o cmTC_5a63c  /usr/lib/x86_64-linux-gnu/libblas.so 
/usr/bin/ld: CMakeFiles/cmTC_5a63c.dir/CheckFunctionExists.c.o: in function `main':
CheckFunctionExists.c:(.text+0x14): undefined reference to `cheev_'
collect2: error: ld returned 1 exit status
make[1]: *** [CMakeFiles/cmTC_5a63c.dir/build.make:88: cmTC_5a63c] Error 1
make[1]: Leaving directory '/data/final_proj/build/CMakeFiles/CMakeTmp'
make: *** [Makefile:121: cmTC_5a63c/fast] Error 2



